Pylint Results

============================= test session starts ==============================
platform darwin -- Python 3.7.2, pytest-4.0.0, py-1.7.0, pluggy-0.8.0 -- /Library/Frameworks/Python.framework/Versions/3.7/bin/python3
cachedir: .pytest_cache
rootdir: /Users/danielcastro/Documents/PythonCert/Python220/Python220A_2019/students/dcastrowa/lesson06/assignment, inifile:
plugins: pylint-0.12.3, mock-1.10.0, cov-2.6.1
collecting ... collected 1 item

tests/test_perf.py::test_assess_preformance PASSED                       [100%]

========================== 1 passed in 10.35 seconds ===========================
